<?xml version="1.0" encoding="UTF-8"?>
<!-- Generated by org.testng.reporters.JUnitReportReporter -->
<testsuite hostname="DESKTOP-VCM8IL6" failures="0" tests="4" name="com.api.tests.UserProfileTest" time="1.625" errors="0" timestamp="2025-07-21T13:24:51 IST" skipped="0">
  <testcase classname="com.api.tests.UserProfileTest" name="updateMobileNumber" time="0.346"/>
  <testcase classname="com.api.tests.UserProfileTest" name="updateFirstName" time="0.311"/>
  <testcase classname="com.api.tests.UserProfileTest" name="updateLastName" time="0.410"/>
  <testcase classname="com.api.tests.UserProfileTest" name="updateEmail" time="0.558"/>
</testsuite> <!-- com.api.tests.UserProfileTest -->
